2019-05-14 10:58:59,651 INFO o.a.j.u.JMeterUtils: Setting Locale to en_US
2019-05-14 10:58:59,702 INFO o.a.j.JMeter: Loading user properties from: /Users/hhudson/Documents/kscope/kscope2019/jmeter_misc/apache-jmeter-5.1.1/bin/user.properties
2019-05-14 10:58:59,706 INFO o.a.j.JMeter: Loading system properties from: /Users/hhudson/Documents/kscope/kscope2019/jmeter_misc/apache-jmeter-5.1.1/bin/system.properties
2019-05-14 10:58:59,718 INFO o.a.j.JMeter: Copyright (c) 1998-2019 The Apache Software Foundation
2019-05-14 10:58:59,718 INFO o.a.j.JMeter: Version 5.1.1 r1855137
2019-05-14 10:58:59,718 INFO o.a.j.JMeter: java.version=1.8.0_144
2019-05-14 10:58:59,718 INFO o.a.j.JMeter: java.vm.name=Java HotSpot(TM) 64-Bit Server VM
2019-05-14 10:58:59,718 INFO o.a.j.JMeter: os.name=Mac OS X
2019-05-14 10:58:59,718 INFO o.a.j.JMeter: os.arch=x86_64
2019-05-14 10:58:59,718 INFO o.a.j.JMeter: os.version=10.14
2019-05-14 10:58:59,718 INFO o.a.j.JMeter: file.encoding=UTF-8
2019-05-14 10:58:59,719 INFO o.a.j.JMeter: java.awt.headless=null
2019-05-14 10:58:59,719 INFO o.a.j.JMeter: Max memory     =1908932608
2019-05-14 10:58:59,719 INFO o.a.j.JMeter: Available Processors =4
2019-05-14 10:58:59,724 INFO o.a.j.JMeter: Default Locale=English (United States)
2019-05-14 10:58:59,725 INFO o.a.j.JMeter: JMeter  Locale=English (United States)
2019-05-14 10:58:59,725 INFO o.a.j.JMeter: JMeterHome=/Users/hhudson/Documents/kscope/kscope2019/jmeter_misc/apache-jmeter-5.1.1
2019-05-14 10:58:59,725 INFO o.a.j.JMeter: user.dir  =/Users/hhudson/Documents/kscope/kscope2019/jmeter_misc
2019-05-14 10:58:59,725 INFO o.a.j.JMeter: PWD       =/Users/hhudson/Documents/kscope/kscope2019/jmeter_misc
2019-05-14 10:58:59,727 INFO o.a.j.JMeter: IP: 172.16.44.232 Name: HSERES.local FullName: 172.16.44.232
2019-05-14 10:59:02,174 INFO o.a.j.g.a.LookAndFeelCommand: Installing Darcula LAF
2019-05-14 10:59:02,200 INFO o.a.j.g.a.LookAndFeelCommand: Using look and feel: com.bulenkov.darcula.DarculaLaf [Darcula]
2019-05-14 10:59:02,200 INFO o.a.j.JMeter: Setting LAF to: com.bulenkov.darcula.DarculaLaf
2019-05-14 10:59:02,294 INFO o.a.j.JMeter: Loaded icon properties from org/apache/jmeter/images/icon.properties
2019-05-14 10:59:05,950 INFO o.a.j.p.h.s.HTTPSamplerBase: Parser for text/html is org.apache.jmeter.protocol.http.parser.LagartoBasedHtmlParser
2019-05-14 10:59:05,953 INFO o.a.j.p.h.s.HTTPSamplerBase: Parser for application/xhtml+xml is org.apache.jmeter.protocol.http.parser.LagartoBasedHtmlParser
2019-05-14 10:59:05,953 INFO o.a.j.p.h.s.HTTPSamplerBase: Parser for application/xml is org.apache.jmeter.protocol.http.parser.LagartoBasedHtmlParser
2019-05-14 10:59:05,954 INFO o.a.j.p.h.s.HTTPSamplerBase: Parser for text/xml is org.apache.jmeter.protocol.http.parser.LagartoBasedHtmlParser
2019-05-14 10:59:05,954 INFO o.a.j.p.h.s.HTTPSamplerBase: Parser for text/vnd.wap.wml is org.apache.jmeter.protocol.http.parser.RegexpHTMLParser
2019-05-14 10:59:05,954 INFO o.a.j.p.h.s.HTTPSamplerBase: Parser for text/css is org.apache.jmeter.protocol.http.parser.CssParser
2019-05-14 10:59:06,725 INFO o.a.j.e.KeyToolUtils: keytool found at 'keytool'
2019-05-14 10:59:06,726 INFO o.a.j.p.h.p.ProxyControl: HTTP(S) Test Script Recorder SSL Proxy will use keys that support embedded 3rd party resources in file /Users/hhudson/Documents/kscope/kscope2019/jmeter_misc/apache-jmeter-5.1.1/bin/proxyserver.jks
2019-05-14 10:59:06,961 INFO o.a.j.s.FileServer: Default base='/Users/hhudson/Documents/kscope/kscope2019/jmeter_misc'
2019-05-14 10:59:07,719 INFO o.a.j.s.SampleResult: Note: Sample TimeStamps are START times
2019-05-14 10:59:07,721 INFO o.a.j.s.SampleResult: sampleresult.default.encoding is set to ISO-8859-1
2019-05-14 10:59:07,721 INFO o.a.j.s.SampleResult: sampleresult.useNanoTime=true
2019-05-14 10:59:07,721 INFO o.a.j.s.SampleResult: sampleresult.nanoThreadSleep=5000
2019-05-14 10:59:14,935 INFO o.a.j.g.a.Load: Loading file: /Users/hhudson/Documents/kscope/kscope2019/jmeter_misc/apache-jmeter-5.1.1/bin/demo/login_040218_3.jmx
2019-05-14 10:59:14,935 INFO o.a.j.s.FileServer: Set new base='/Users/hhudson/Documents/kscope/kscope2019/jmeter_misc/apache-jmeter-5.1.1/bin/demo'
2019-05-14 10:59:15,193 INFO o.a.j.s.SaveService: Testplan (JMX) version: 2.2. Testlog (JTL) version: 2.2
2019-05-14 10:59:15,239 INFO o.a.j.s.SaveService: Using SaveService properties file encoding UTF-8
2019-05-14 10:59:15,243 INFO o.a.j.s.SaveService: Using SaveService properties version 5.0
2019-05-14 10:59:15,250 INFO o.a.j.s.SaveService: Loading file: /Users/hhudson/Documents/kscope/kscope2019/jmeter_misc/apache-jmeter-5.1.1/bin/demo/login_040218_3.jmx
2019-05-14 10:59:15,297 INFO o.a.j.p.h.c.CookieManager: Settings: Delete null: true Check: true Allow variable: true Save: false Prefix: COOKIE_
2019-05-14 10:59:15,718 INFO o.a.j.s.FileServer: Set new base='/Users/hhudson/Documents/kscope/kscope2019/jmeter_misc/apache-jmeter-5.1.1/bin/demo'
2019-05-14 11:00:35,839 INFO o.a.j.e.StandardJMeterEngine: Running the test!
2019-05-14 11:00:35,843 INFO o.a.j.s.SampleEvent: List of sample_variables: []
2019-05-14 11:00:35,843 INFO o.a.j.s.SampleEvent: List of sample_variables: []
2019-05-14 11:00:35,847 INFO o.a.j.e.u.CompoundVariable: Note: Function class names must contain the string: '.functions.'
2019-05-14 11:00:35,847 INFO o.a.j.e.u.CompoundVariable: Note: Function class names must not contain the string: '.gui.'
2019-05-14 11:00:36,609 INFO o.a.j.g.u.JMeterMenuBar: setRunning(true, *local*)
2019-05-14 11:00:36,894 INFO o.a.j.e.StandardJMeterEngine: Starting ThreadGroup: 1 : Thread Group
2019-05-14 11:00:36,895 INFO o.a.j.e.StandardJMeterEngine: Starting 1 threads for group Thread Group.
2019-05-14 11:00:36,895 INFO o.a.j.e.StandardJMeterEngine: Thread will continue on error
2019-05-14 11:00:36,895 INFO o.a.j.t.ThreadGroup: Starting thread group... number=1 threads=1 ramp-up=1 delayedStart=false
2019-05-14 11:00:36,901 INFO o.a.j.t.ThreadGroup: Started thread group number 1
2019-05-14 11:00:36,902 INFO o.a.j.e.StandardJMeterEngine: All thread groups have been started
2019-05-14 11:00:36,909 INFO o.a.j.t.JMeterThread: Thread started: Thread Group 1-1
2019-05-14 11:00:36,931 INFO o.a.j.p.h.s.HTTPHCAbstractImpl: Local host = HSERES.local
2019-05-14 11:00:36,939 INFO o.a.j.p.h.s.HTTPHC4Impl: HTTP request retry count = 0
2019-05-14 11:00:38,190 INFO o.a.j.t.JMeterThread: Thread is done: Thread Group 1-1
2019-05-14 11:00:38,190 INFO o.a.j.t.JMeterThread: Thread finished: Thread Group 1-1
2019-05-14 11:00:38,192 INFO o.a.j.e.StandardJMeterEngine: Notifying test listeners of end of test
2019-05-14 11:00:38,193 INFO o.a.j.g.u.JMeterMenuBar: setRunning(false, *local*)
