2019-06-25 14:20:29,012 INFO o.a.j.u.JMeterUtils: Setting Locale to en_US
2019-06-25 14:20:29,049 INFO o.a.j.JMeter: Loading user properties from: user.properties
2019-06-25 14:20:29,050 INFO o.a.j.JMeter: Loading system properties from: system.properties
2019-06-25 14:20:29,062 INFO o.a.j.JMeter: Copyright (c) 1998-2019 The Apache Software Foundation
2019-06-25 14:20:29,062 INFO o.a.j.JMeter: Version 5.1.1 r1855137
2019-06-25 14:20:29,062 INFO o.a.j.JMeter: java.version=1.8.0_144
2019-06-25 14:20:29,062 INFO o.a.j.JMeter: java.vm.name=Java HotSpot(TM) 64-Bit Server VM
2019-06-25 14:20:29,062 INFO o.a.j.JMeter: os.name=Mac OS X
2019-06-25 14:20:29,062 INFO o.a.j.JMeter: os.arch=x86_64
2019-06-25 14:20:29,062 INFO o.a.j.JMeter: os.version=10.14.5
2019-06-25 14:20:29,062 INFO o.a.j.JMeter: file.encoding=UTF-8
2019-06-25 14:20:29,063 INFO o.a.j.JMeter: java.awt.headless=null
2019-06-25 14:20:29,063 INFO o.a.j.JMeter: Max memory     =1908932608
2019-06-25 14:20:29,063 INFO o.a.j.JMeter: Available Processors =4
2019-06-25 14:20:29,074 INFO o.a.j.JMeter: Default Locale=English (United States)
2019-06-25 14:20:29,075 INFO o.a.j.JMeter: JMeter  Locale=English (United States)
2019-06-25 14:20:29,075 INFO o.a.j.JMeter: JMeterHome=/Users/hhudson/Documents/kscope/kscope2019/jmeter_misc/apache-jmeter-5.1.1
2019-06-25 14:20:29,075 INFO o.a.j.JMeter: user.dir  =/Users/hhudson/Documents/kscope/kscope2019/jmeter_misc/apache-jmeter-5.1.1/bin
2019-06-25 14:20:29,075 INFO o.a.j.JMeter: PWD       =/Users/hhudson/Documents/kscope/kscope2019/jmeter_misc/apache-jmeter-5.1.1/bin
2019-06-25 14:20:29,078 INFO o.a.j.JMeter: IP: 127.0.0.1 Name: HSERES.local FullName: localhost
2019-06-25 14:20:31,689 INFO o.a.j.g.a.LookAndFeelCommand: Installing Darcula LAF
2019-06-25 14:20:31,726 INFO o.a.j.g.a.LookAndFeelCommand: Using look and feel: com.bulenkov.darcula.DarculaLaf [Darcula]
2019-06-25 14:20:31,726 INFO o.a.j.JMeter: Setting LAF to: com.bulenkov.darcula.DarculaLaf
2019-06-25 14:20:31,895 INFO o.a.j.JMeter: Loaded icon properties from org/apache/jmeter/images/icon.properties
2019-06-25 14:20:34,544 INFO o.a.j.p.h.s.HTTPSamplerBase: Parser for text/html is org.apache.jmeter.protocol.http.parser.LagartoBasedHtmlParser
2019-06-25 14:20:34,545 INFO o.a.j.p.h.s.HTTPSamplerBase: Parser for application/xhtml+xml is org.apache.jmeter.protocol.http.parser.LagartoBasedHtmlParser
2019-06-25 14:20:34,545 INFO o.a.j.p.h.s.HTTPSamplerBase: Parser for application/xml is org.apache.jmeter.protocol.http.parser.LagartoBasedHtmlParser
2019-06-25 14:20:34,545 INFO o.a.j.p.h.s.HTTPSamplerBase: Parser for text/xml is org.apache.jmeter.protocol.http.parser.LagartoBasedHtmlParser
2019-06-25 14:20:34,545 INFO o.a.j.p.h.s.HTTPSamplerBase: Parser for text/vnd.wap.wml is org.apache.jmeter.protocol.http.parser.RegexpHTMLParser
2019-06-25 14:20:34,545 INFO o.a.j.p.h.s.HTTPSamplerBase: Parser for text/css is org.apache.jmeter.protocol.http.parser.CssParser
2019-06-25 14:20:35,009 INFO o.a.j.e.KeyToolUtils: keytool found at 'keytool'
2019-06-25 14:20:35,010 INFO o.a.j.p.h.p.ProxyControl: HTTP(S) Test Script Recorder SSL Proxy will use keys that support embedded 3rd party resources in file /Users/hhudson/Documents/kscope/kscope2019/jmeter_misc/apache-jmeter-5.1.1/bin/proxyserver.jks
2019-06-25 14:20:35,228 INFO o.a.j.s.FileServer: Default base='/Users/hhudson/Documents/kscope/kscope2019/jmeter_misc/apache-jmeter-5.1.1/bin'
2019-06-25 14:20:35,676 INFO o.a.j.s.SampleResult: Note: Sample TimeStamps are START times
2019-06-25 14:20:35,676 INFO o.a.j.s.SampleResult: sampleresult.default.encoding is set to ISO-8859-1
2019-06-25 14:20:35,676 INFO o.a.j.s.SampleResult: sampleresult.useNanoTime=true
2019-06-25 14:20:35,676 INFO o.a.j.s.SampleResult: sampleresult.nanoThreadSleep=5000
2019-06-25 14:20:49,837 INFO o.a.j.g.a.Load: Loading file: /Users/hhudson/Documents/kscope/kscope2019/jmeter_misc/apache-jmeter-5.1.1/bin/demo/Recording Controller.jmx
2019-06-25 14:20:49,838 INFO o.a.j.s.FileServer: Set new base='/Users/hhudson/Documents/kscope/kscope2019/jmeter_misc/apache-jmeter-5.1.1/bin/demo'
2019-06-25 14:20:50,038 INFO o.a.j.s.SaveService: Testplan (JMX) version: 2.2. Testlog (JTL) version: 2.2
2019-06-25 14:20:50,066 INFO o.a.j.s.SaveService: Using SaveService properties file encoding UTF-8
2019-06-25 14:20:50,067 INFO o.a.j.s.SaveService: Using SaveService properties version 5.0
2019-06-25 14:20:50,072 INFO o.a.j.s.SaveService: Loading file: /Users/hhudson/Documents/kscope/kscope2019/jmeter_misc/apache-jmeter-5.1.1/bin/demo/Recording Controller.jmx
2019-06-25 14:20:50,103 INFO o.a.j.p.h.c.CookieManager: Settings: Delete null: true Check: true Allow variable: true Save: false Prefix: COOKIE_
2019-06-25 14:20:50,430 INFO o.a.j.s.FileServer: Set new base='/Users/hhudson/Documents/kscope/kscope2019/jmeter_misc/apache-jmeter-5.1.1/bin/demo'
2019-06-25 14:21:33,454 INFO o.a.j.e.StandardJMeterEngine: Running the test!
2019-06-25 14:21:33,456 INFO o.a.j.s.SampleEvent: List of sample_variables: []
2019-06-25 14:21:33,457 INFO o.a.j.s.SampleEvent: List of sample_variables: []
2019-06-25 14:21:33,461 INFO o.a.j.e.u.CompoundVariable: Note: Function class names must contain the string: '.functions.'
2019-06-25 14:21:33,461 INFO o.a.j.e.u.CompoundVariable: Note: Function class names must not contain the string: '.gui.'
2019-06-25 14:21:33,927 INFO o.a.j.g.u.JMeterMenuBar: setRunning(true, *local*)
2019-06-25 14:21:34,135 INFO o.a.j.e.StandardJMeterEngine: Starting ThreadGroup: 1 : Thread Group
2019-06-25 14:21:34,136 INFO o.a.j.e.StandardJMeterEngine: Starting 1 threads for group Thread Group.
2019-06-25 14:21:34,136 INFO o.a.j.e.StandardJMeterEngine: Thread will continue on error
2019-06-25 14:21:34,136 INFO o.a.j.t.ThreadGroup: Starting thread group... number=1 threads=1 ramp-up=1 delayedStart=false
2019-06-25 14:21:34,142 INFO o.a.j.t.ThreadGroup: Started thread group number 1
2019-06-25 14:21:34,143 INFO o.a.j.e.StandardJMeterEngine: All thread groups have been started
2019-06-25 14:21:34,148 INFO o.a.j.t.JMeterThread: Thread started: Thread Group 1-1
2019-06-25 14:21:34,171 INFO o.a.j.p.h.s.HTTPHCAbstractImpl: Local host = HSERES.local
2019-06-25 14:21:34,177 INFO o.a.j.p.h.s.HTTPHC4Impl: HTTP request retry count = 0
2019-06-25 14:21:34,952 INFO o.a.j.t.JMeterThread: Thread is done: Thread Group 1-1
2019-06-25 14:21:34,952 INFO o.a.j.t.JMeterThread: Thread finished: Thread Group 1-1
2019-06-25 14:21:34,954 INFO o.a.j.e.StandardJMeterEngine: Notifying test listeners of end of test
2019-06-25 14:21:34,955 INFO o.a.j.g.u.JMeterMenuBar: setRunning(false, *local*)
